10-Oct-2022 15:08:03.215 INFO [main] org.apache.catalina.startup.VersionLoggerListener.log Server version name:   Apache Tomcat/10.0.26
10-Oct-2022 15:08:03.217 INFO [main] org.apache.catalina.startup.VersionLoggerListener.log Server built:          Sep 23 2022 10:25:44 UTC
10-Oct-2022 15:08:03.218 INFO [main] org.apache.catalina.startup.VersionLoggerListener.log Server version number: 10.0.26.0
10-Oct-2022 15:08:03.218 INFO [main] org.apache.catalina.startup.VersionLoggerListener.log OS Name:               Windows 10
10-Oct-2022 15:08:03.219 INFO [main] org.apache.catalina.startup.VersionLoggerListener.log OS Version:            10.0
10-Oct-2022 15:08:03.219 INFO [main] org.apache.catalina.startup.VersionLoggerListener.log Architecture:          amd64
10-Oct-2022 15:08:03.219 INFO [main] org.apache.catalina.startup.VersionLoggerListener.log Java Home:             C:\Program Files\Java\jdk1.8.0_333\jre
10-Oct-2022 15:08:03.219 INFO [main] org.apache.catalina.startup.VersionLoggerListener.log JVM Version:           1.8.0_333-b02
10-Oct-2022 15:08:03.219 INFO [main] org.apache.catalina.startup.VersionLoggerListener.log JVM Vendor:            Oracle Corporation
10-Oct-2022 15:08:03.219 INFO [main] org.apache.catalina.startup.VersionLoggerListener.log CATALINA_BASE:         C:\Users\idan1\IdeaProjects\enigma_exc3\apache-tomcat-10.0.26
10-Oct-2022 15:08:03.219 INFO [main] org.apache.catalina.startup.VersionLoggerListener.log CATALINA_HOME:         C:\Users\idan1\IdeaProjects\enigma_exc3\apache-tomcat-10.0.26
10-Oct-2022 15:08:03.220 INFO [main] org.apache.catalina.startup.VersionLoggerListener.log Command line argument: -Djava.util.logging.config.file=C:\Users\idan1\IdeaProjects\enigma_exc3\apache-tomcat-10.0.26\conf\logging.properties
10-Oct-2022 15:08:03.220 INFO [main] org.apache.catalina.startup.VersionLoggerListener.log Command line argument: -Djava.util.logging.manager=org.apache.juli.ClassLoaderLogManager
10-Oct-2022 15:08:03.220 INFO [main] org.apache.catalina.startup.VersionLoggerListener.log Command line argument: -Djdk.tls.ephemeralDHKeySize=2048
10-Oct-2022 15:08:03.220 INFO [main] org.apache.catalina.startup.VersionLoggerListener.log Command line argument: -Djava.protocol.handler.pkgs=org.apache.catalina.webresources
10-Oct-2022 15:08:03.221 INFO [main] org.apache.catalina.startup.VersionLoggerListener.log Command line argument: -Dignore.endorsed.dirs=
10-Oct-2022 15:08:03.221 INFO [main] org.apache.catalina.startup.VersionLoggerListener.log Command line argument: -Dcatalina.base=C:\Users\idan1\IdeaProjects\enigma_exc3\apache-tomcat-10.0.26
10-Oct-2022 15:08:03.222 INFO [main] org.apache.catalina.startup.VersionLoggerListener.log Command line argument: -Dcatalina.home=C:\Users\idan1\IdeaProjects\enigma_exc3\apache-tomcat-10.0.26
10-Oct-2022 15:08:03.222 INFO [main] org.apache.catalina.startup.VersionLoggerListener.log Command line argument: -Djava.io.tmpdir=C:\Users\idan1\IdeaProjects\enigma_exc3\apache-tomcat-10.0.26\temp
10-Oct-2022 15:08:03.227 INFO [main] org.apache.catalina.core.AprLifecycleListener.lifecycleEvent The Apache Tomcat Native library which allows using OpenSSL was not found on the java.library.path: [C:\Program Files\Java\jdk1.8.0_333\bin;C:\Windows\Sun\Java\bin;C:\Windows\system32;C:\Windows;C:\Program Files (x86)\Common Files\Oracle\Java\javapath;C:\Windows\system32;C:\Windows;C:\Windows\System32\Wbem;C:\Windows\System32\WindowsPowerShell\v1.0\;C:\Windows\System32\OpenSSH\;C:\Program Files\Git\cmd;C:\Users\idan1\AppData\Local\Microsoft\WindowsApps;C:\Users\idan1\AppData\Local\GitHubDesktop\bin;C:\Users\idan1\AppData\Local\Programs\Microsoft VS Code\bin;C:\Program Files\JetBrains\PyCharm 2022.1.3\bin;C:\Program Files\heroku\bin;C:\Program Files\PostgreSQL\14\lib;C:\Program Files\PostgreSQL\14\bin;C:\Program Files\Java\jdk1.8.0_333\bin;.]
10-Oct-2022 15:08:03.498 INFO [main] org.apache.coyote.AbstractProtocol.init Initializing ProtocolHandler ["http-nio-8080"]
10-Oct-2022 15:08:03.511 INFO [main] org.apache.catalina.startup.Catalina.load Server initialization in [430] milliseconds
10-Oct-2022 15:08:03.544 INFO [main] org.apache.catalina.core.StandardService.startInternal Starting service [Catalina]
10-Oct-2022 15:08:03.544 INFO [main] org.apache.catalina.core.StandardEngine.startInternal Starting Servlet engine: [Apache Tomcat/10.0.26]
10-Oct-2022 15:08:03.557 INFO [main] org.apache.catalina.startup.HostConfig.deployDirectory Deploying web application directory [C:\Users\idan1\IdeaProjects\enigma_exc3\apache-tomcat-10.0.26\webapps\docs]
10-Oct-2022 15:08:03.838 INFO [main] org.apache.catalina.startup.HostConfig.deployDirectory Deployment of web application directory [C:\Users\idan1\IdeaProjects\enigma_exc3\apache-tomcat-10.0.26\webapps\docs] has finished in [280] ms
10-Oct-2022 15:08:03.839 INFO [main] org.apache.catalina.startup.HostConfig.deployDirectory Deploying web application directory [C:\Users\idan1\IdeaProjects\enigma_exc3\apache-tomcat-10.0.26\webapps\Enigma]
10-Oct-2022 15:08:03.866 INFO [main] org.apache.catalina.startup.HostConfig.deployDirectory Deployment of web application directory [C:\Users\idan1\IdeaProjects\enigma_exc3\apache-tomcat-10.0.26\webapps\Enigma] has finished in [28] ms
10-Oct-2022 15:08:03.867 INFO [main] org.apache.catalina.startup.HostConfig.deployDirectory Deploying web application directory [C:\Users\idan1\IdeaProjects\enigma_exc3\apache-tomcat-10.0.26\webapps\examples]
10-Oct-2022 15:08:04.220 INFO [main] org.apache.catalina.startup.HostConfig.deployDirectory Deployment of web application directory [C:\Users\idan1\IdeaProjects\enigma_exc3\apache-tomcat-10.0.26\webapps\examples] has finished in [353] ms
10-Oct-2022 15:08:04.220 INFO [main] org.apache.catalina.startup.HostConfig.deployDirectory Deploying web application directory [C:\Users\idan1\IdeaProjects\enigma_exc3\apache-tomcat-10.0.26\webapps\host-manager]
10-Oct-2022 15:08:04.252 INFO [main] org.apache.catalina.startup.HostConfig.deployDirectory Deployment of web application directory [C:\Users\idan1\IdeaProjects\enigma_exc3\apache-tomcat-10.0.26\webapps\host-manager] has finished in [32] ms
10-Oct-2022 15:08:04.252 INFO [main] org.apache.catalina.startup.HostConfig.deployDirectory Deploying web application directory [C:\Users\idan1\IdeaProjects\enigma_exc3\apache-tomcat-10.0.26\webapps\manager]
10-Oct-2022 15:08:04.280 INFO [main] org.apache.catalina.startup.HostConfig.deployDirectory Deployment of web application directory [C:\Users\idan1\IdeaProjects\enigma_exc3\apache-tomcat-10.0.26\webapps\manager] has finished in [28] ms
10-Oct-2022 15:08:04.281 INFO [main] org.apache.catalina.startup.HostConfig.deployDirectory Deploying web application directory [C:\Users\idan1\IdeaProjects\enigma_exc3\apache-tomcat-10.0.26\webapps\ROOT]
10-Oct-2022 15:08:04.306 INFO [main] org.apache.catalina.startup.HostConfig.deployDirectory Deployment of web application directory [C:\Users\idan1\IdeaProjects\enigma_exc3\apache-tomcat-10.0.26\webapps\ROOT] has finished in [26] ms
10-Oct-2022 15:08:04.309 INFO [main] org.apache.coyote.AbstractProtocol.start Starting ProtocolHandler ["http-nio-8080"]
10-Oct-2022 15:08:04.322 INFO [main] org.apache.catalina.startup.Catalina.start Server startup in [810] milliseconds
10-Oct-2022 15:09:06.799 INFO [main] org.apache.catalina.core.StandardServer.await A valid shutdown command was received via the shutdown port. Stopping the Server instance.
10-Oct-2022 15:09:06.799 INFO [main] org.apache.coyote.AbstractProtocol.pause Pausing ProtocolHandler ["http-nio-8080"]
10-Oct-2022 15:09:06.886 INFO [main] org.apache.catalina.core.StandardService.stopInternal Stopping service [Catalina]
10-Oct-2022 15:09:06.911 INFO [main] org.apache.coyote.AbstractProtocol.stop Stopping ProtocolHandler ["http-nio-8080"]
10-Oct-2022 15:09:06.917 INFO [main] org.apache.coyote.AbstractProtocol.destroy Destroying ProtocolHandler ["http-nio-8080"]
