13-Oct-2022 12:07:44.782 INFO [main] org.apache.catalina.core.ApplicationContext.log ContextListener: contextInitialized()
13-Oct-2022 12:07:44.782 INFO [main] org.apache.catalina.core.ApplicationContext.log SessionListener: contextInitialized()
13-Oct-2022 12:07:44.784 INFO [main] org.apache.catalina.core.ApplicationContext.log ContextListener: attributeAdded('StockTicker', 'async.Stockticker@3f56875e')
13-Oct-2022 12:13:19.347 INFO [main] org.apache.catalina.core.ApplicationContext.log ContextListener: contextInitialized()
13-Oct-2022 12:13:19.347 INFO [main] org.apache.catalina.core.ApplicationContext.log SessionListener: contextInitialized()
13-Oct-2022 12:13:19.349 INFO [main] org.apache.catalina.core.ApplicationContext.log ContextListener: attributeAdded('StockTicker', 'async.Stockticker@76f2bbc1')
13-Oct-2022 12:13:19.462 INFO [main] org.apache.catalina.core.ApplicationContext.log SessionListener: contextDestroyed()
13-Oct-2022 12:13:19.462 INFO [main] org.apache.catalina.core.ApplicationContext.log ContextListener: contextDestroyed()
13-Oct-2022 12:14:10.609 INFO [main] org.apache.catalina.core.ApplicationContext.log ContextListener: contextInitialized()
13-Oct-2022 12:14:10.609 INFO [main] org.apache.catalina.core.ApplicationContext.log SessionListener: contextInitialized()
13-Oct-2022 12:14:10.611 INFO [main] org.apache.catalina.core.ApplicationContext.log ContextListener: attributeAdded('StockTicker', 'async.Stockticker@2cdd0d4b')
13-Oct-2022 12:15:06.057 INFO [main] org.apache.catalina.core.ApplicationContext.log SessionListener: contextDestroyed()
13-Oct-2022 12:15:06.057 INFO [main] org.apache.catalina.core.ApplicationContext.log ContextListener: contextDestroyed()
13-Oct-2022 12:15:11.409 INFO [main] org.apache.catalina.core.ApplicationContext.log ContextListener: contextInitialized()
13-Oct-2022 12:15:11.409 INFO [main] org.apache.catalina.core.ApplicationContext.log SessionListener: contextInitialized()
13-Oct-2022 12:15:11.411 INFO [main] org.apache.catalina.core.ApplicationContext.log ContextListener: attributeAdded('StockTicker', 'async.Stockticker@2cdd0d4b')
13-Oct-2022 12:16:59.194 INFO [main] org.apache.catalina.core.ApplicationContext.log ContextListener: contextInitialized()
13-Oct-2022 12:16:59.194 INFO [main] org.apache.catalina.core.ApplicationContext.log SessionListener: contextInitialized()
13-Oct-2022 12:16:59.196 INFO [main] org.apache.catalina.core.ApplicationContext.log ContextListener: attributeAdded('StockTicker', 'async.Stockticker@2cdd0d4b')
13-Oct-2022 12:21:06.178 INFO [main] org.apache.catalina.core.ApplicationContext.log SessionListener: contextDestroyed()
13-Oct-2022 12:21:06.178 INFO [main] org.apache.catalina.core.ApplicationContext.log ContextListener: contextDestroyed()
