28-Sep-2022 16:38:42.626 INFO [main] org.apache.catalina.core.ApplicationContext.log ContextListener: contextInitialized()
28-Sep-2022 16:38:42.627 INFO [main] org.apache.catalina.core.ApplicationContext.log SessionListener: contextInitialized()
28-Sep-2022 16:38:42.628 INFO [main] org.apache.catalina.core.ApplicationContext.log ContextListener: attributeAdded('StockTicker', 'async.Stockticker@3f56875e')
28-Sep-2022 16:50:06.932 INFO [main] org.apache.catalina.core.ApplicationContext.log ContextListener: contextInitialized()
28-Sep-2022 16:50:06.932 INFO [main] org.apache.catalina.core.ApplicationContext.log SessionListener: contextInitialized()
28-Sep-2022 16:50:06.934 INFO [main] org.apache.catalina.core.ApplicationContext.log ContextListener: attributeAdded('StockTicker', 'async.Stockticker@3f56875e')
28-Sep-2022 17:34:34.055 INFO [main] org.apache.catalina.core.ApplicationContext.log SessionListener: contextDestroyed()
28-Sep-2022 17:34:34.055 INFO [main] org.apache.catalina.core.ApplicationContext.log ContextListener: contextDestroyed()
28-Sep-2022 17:34:43.503 INFO [main] org.apache.catalina.core.ApplicationContext.log ContextListener: contextInitialized()
28-Sep-2022 17:34:43.503 INFO [main] org.apache.catalina.core.ApplicationContext.log SessionListener: contextInitialized()
28-Sep-2022 17:34:43.504 INFO [main] org.apache.catalina.core.ApplicationContext.log ContextListener: attributeAdded('StockTicker', 'async.Stockticker@3f56875e')
28-Sep-2022 17:35:48.731 INFO [main] org.apache.catalina.core.ApplicationContext.log SessionListener: contextDestroyed()
28-Sep-2022 17:35:48.731 INFO [main] org.apache.catalina.core.ApplicationContext.log ContextListener: contextDestroyed()
28-Sep-2022 17:37:53.332 INFO [main] org.apache.catalina.core.ApplicationContext.log ContextListener: contextInitialized()
28-Sep-2022 17:37:53.332 INFO [main] org.apache.catalina.core.ApplicationContext.log SessionListener: contextInitialized()
28-Sep-2022 17:37:53.334 INFO [main] org.apache.catalina.core.ApplicationContext.log ContextListener: attributeAdded('StockTicker', 'async.Stockticker@3f56875e')
28-Sep-2022 17:51:45.034 INFO [main] org.apache.catalina.core.ApplicationContext.log ContextListener: contextInitialized()
28-Sep-2022 17:51:45.034 INFO [main] org.apache.catalina.core.ApplicationContext.log SessionListener: contextInitialized()
28-Sep-2022 17:51:45.036 INFO [main] org.apache.catalina.core.ApplicationContext.log ContextListener: attributeAdded('StockTicker', 'async.Stockticker@2abf4075')
28-Sep-2022 17:57:14.460 INFO [main] org.apache.catalina.core.ApplicationContext.log ContextListener: contextInitialized()
28-Sep-2022 17:57:14.460 INFO [main] org.apache.catalina.core.ApplicationContext.log SessionListener: contextInitialized()
28-Sep-2022 17:57:14.462 INFO [main] org.apache.catalina.core.ApplicationContext.log ContextListener: attributeAdded('StockTicker', 'async.Stockticker@2cdd0d4b')
28-Sep-2022 18:05:54.633 INFO [main] org.apache.catalina.core.ApplicationContext.log ContextListener: contextInitialized()
28-Sep-2022 18:05:54.633 INFO [main] org.apache.catalina.core.ApplicationContext.log SessionListener: contextInitialized()
28-Sep-2022 18:05:54.635 INFO [main] org.apache.catalina.core.ApplicationContext.log ContextListener: attributeAdded('StockTicker', 'async.Stockticker@1649b0e6')
28-Sep-2022 18:07:28.233 INFO [main] org.apache.catalina.core.ApplicationContext.log SessionListener: contextDestroyed()
28-Sep-2022 18:07:28.233 INFO [main] org.apache.catalina.core.ApplicationContext.log ContextListener: contextDestroyed()
28-Sep-2022 18:12:11.823 INFO [main] org.apache.catalina.core.ApplicationContext.log ContextListener: contextInitialized()
28-Sep-2022 18:12:11.823 INFO [main] org.apache.catalina.core.ApplicationContext.log SessionListener: contextInitialized()
28-Sep-2022 18:12:11.825 INFO [main] org.apache.catalina.core.ApplicationContext.log ContextListener: attributeAdded('StockTicker', 'async.Stockticker@776b83cc')
28-Sep-2022 18:25:13.172 INFO [main] org.apache.catalina.core.ApplicationContext.log SessionListener: contextDestroyed()
28-Sep-2022 18:25:13.172 INFO [main] org.apache.catalina.core.ApplicationContext.log ContextListener: contextDestroyed()
28-Sep-2022 18:25:36.649 INFO [main] org.apache.catalina.core.ApplicationContext.log ContextListener: contextInitialized()
28-Sep-2022 18:25:36.649 INFO [main] org.apache.catalina.core.ApplicationContext.log SessionListener: contextInitialized()
28-Sep-2022 18:25:36.650 INFO [main] org.apache.catalina.core.ApplicationContext.log ContextListener: attributeAdded('StockTicker', 'async.Stockticker@2cdd0d4b')
28-Sep-2022 18:28:19.297 INFO [main] org.apache.catalina.core.ApplicationContext.log SessionListener: contextDestroyed()
28-Sep-2022 18:28:19.298 INFO [main] org.apache.catalina.core.ApplicationContext.log ContextListener: contextDestroyed()
28-Sep-2022 22:09:24.543 INFO [main] org.apache.catalina.core.ApplicationContext.log ContextListener: contextInitialized()
28-Sep-2022 22:09:24.543 INFO [main] org.apache.catalina.core.ApplicationContext.log SessionListener: contextInitialized()
28-Sep-2022 22:09:24.545 INFO [main] org.apache.catalina.core.ApplicationContext.log ContextListener: attributeAdded('StockTicker', 'async.Stockticker@2cdd0d4b')
28-Sep-2022 22:11:37.826 INFO [main] org.apache.catalina.core.ApplicationContext.log SessionListener: contextDestroyed()
28-Sep-2022 22:11:37.826 INFO [main] org.apache.catalina.core.ApplicationContext.log ContextListener: contextDestroyed()
